  InterfaceSource.cpp
d:\school\github\cs10-pong-game\finalgroup8project\finalgroupprojectinterface\interfacesource.cpp(162): warning C4244: 'argument': conversion from 'time_t' to 'unsigned int', possible loss of data
d:\school\github\cs10-pong-game\finalgroup8project\finalgroupprojectinterface\interfacesource.cpp(348): error C2664: 'BOOL PlaySoundW(LPCWSTR,HMODULE,DWORD)': cannot convert argument 1 from 'const char [15]' to 'LPCWSTR'
  d:\school\github\cs10-pong-game\finalgroup8project\finalgroupprojectinterface\interfacesource.cpp(348): note: Types pointed to are unrelated; conversion requires reinterpret_cast, C-style cast or function-style cast
d:\school\github\cs10-pong-game\finalgroup8project\finalgroupprojectinterface\interfacesource.cpp(355): error C2664: 'BOOL PlaySoundW(LPCWSTR,HMODULE,DWORD)': cannot convert argument 1 from 'const char [15]' to 'LPCWSTR'
  d:\school\github\cs10-pong-game\finalgroup8project\finalgroupprojectinterface\interfacesource.cpp(355): note: Types pointed to are unrelated; conversion requires reinterpret_cast, C-style cast or function-style cast
d:\school\github\cs10-pong-game\finalgroup8project\finalgroupprojectinterface\interfacesource.cpp(360): error C2664: 'BOOL PlaySoundW(LPCWSTR,HMODULE,DWORD)': cannot convert argument 1 from 'const char [19]' to 'LPCWSTR'
  d:\school\github\cs10-pong-game\finalgroup8project\finalgroupprojectinterface\interfacesource.cpp(360): note: Types pointed to are unrelated; conversion requires reinterpret_cast, C-style cast or function-style cast
d:\school\github\cs10-pong-game\finalgroup8project\finalgroupprojectinterface\interfacesource.cpp(365): error C2664: 'BOOL PlaySoundW(LPCWSTR,HMODULE,DWORD)': cannot convert argument 1 from 'const char [19]' to 'LPCWSTR'
  d:\school\github\cs10-pong-game\finalgroup8project\finalgroupprojectinterface\interfacesource.cpp(365): note: Types pointed to are unrelated; conversion requires reinterpret_cast, C-style cast or function-style cast
d:\school\github\cs10-pong-game\finalgroup8project\finalgroupprojectinterface\interfacesource.cpp(370): error C2664: 'BOOL PlaySoundW(LPCWSTR,HMODULE,DWORD)': cannot convert argument 1 from 'const char [15]' to 'LPCWSTR'
  d:\school\github\cs10-pong-game\finalgroup8project\finalgroupprojectinterface\interfacesource.cpp(370): note: Types pointed to are unrelated; conversion requires reinterpret_cast, C-style cast or function-style cast
d:\school\github\cs10-pong-game\finalgroup8project\finalgroupprojectinterface\interfacesource.cpp(375): error C2664: 'BOOL PlaySoundW(LPCWSTR,HMODULE,DWORD)': cannot convert argument 1 from 'const char [15]' to 'LPCWSTR'
  d:\school\github\cs10-pong-game\finalgroup8project\finalgroupprojectinterface\interfacesource.cpp(375): note: Types pointed to are unrelated; conversion requires reinterpret_cast, C-style cast or function-style cast
d:\school\github\cs10-pong-game\finalgroup8project\finalgroupprojectinterface\interfacesource.cpp(422): error C2664: 'BOOL PlaySoundW(LPCWSTR,HMODULE,DWORD)': cannot convert argument 1 from 'const char [15]' to 'LPCWSTR'
  d:\school\github\cs10-pong-game\finalgroup8project\finalgroupprojectinterface\interfacesource.cpp(422): note: Types pointed to are unrelated; conversion requires reinterpret_cast, C-style cast or function-style cast
d:\school\github\cs10-pong-game\finalgroup8project\finalgroupprojectinterface\interfacesource.cpp(442): warning C4551: function call missing argument list
d:\school\github\cs10-pong-game\finalgroup8project\finalgroupprojectinterface\interfacesource.cpp(447): warning C4551: function call missing argument list
d:\school\github\cs10-pong-game\finalgroup8project\finalgroupprojectinterface\interfacesource.cpp(508): warning C4551: function call missing argument list
d:\school\github\cs10-pong-game\finalgroup8project\finalgroupprojectinterface\interfacesource.cpp(513): warning C4551: function call missing argument list
